1592785656655	mozrunner::runner	INFO	Running command: "/Applications/Firefox.app/Contents/MacOS/firefox-bin" "-marionette" "-foreground" "-no-remote" "-profile" "/var/folders/lm/4gtyt54x3pj6zg9gk4f99q0w0000gn/T/rust_mozprofileaXlNSz"
1592785658143	addons.webextension.doh-rollout@mozilla.org	WARN	Loading extension 'doh-rollout@mozilla.org': Reading manifest: Invalid extension permission: networkStatus
1592785658447	addons.webextension.screenshots@mozilla.org	WARN	Loading extension 'screenshots@mozilla.org': Reading manifest: Invalid extension permission: mozillaAddons
1592785658447	addons.webextension.screenshots@mozilla.org	WARN	Loading extension 'screenshots@mozilla.org': Reading manifest: Invalid extension permission: telemetry
1592785658448	addons.webextension.screenshots@mozilla.org	WARN	Loading extension 'screenshots@mozilla.org': Reading manifest: Invalid extension permission: resource://pdf.js/
1592785658448	addons.webextension.screenshots@mozilla.org	WARN	Loading extension 'screenshots@mozilla.org': Reading manifest: Invalid extension permission: about:reader*
1592785661766	Marionette	INFO	Listening on port 49901
1592785661859	Marionette	WARN	TLS certificate errors will be ignored for this session
1592785841974	mozrunner::runner	INFO	Running command: "/Applications/Firefox.app/Contents/MacOS/firefox-bin" "-marionette" "-foreground" "-no-remote" "-profile" "/var/folders/lm/4gtyt54x3pj6zg9gk4f99q0w0000gn/T/rust_mozprofile3vg4sN"
1592785842566	addons.webextension.doh-rollout@mozilla.org	WARN	Loading extension 'doh-rollout@mozilla.org': Reading manifest: Invalid extension permission: networkStatus
1592785842847	addons.webextension.screenshots@mozilla.org	WARN	Loading extension 'screenshots@mozilla.org': Reading manifest: Invalid extension permission: mozillaAddons
1592785842847	addons.webextension.screenshots@mozilla.org	WARN	Loading extension 'screenshots@mozilla.org': Reading manifest: Invalid extension permission: telemetry
1592785842847	addons.webextension.screenshots@mozilla.org	WARN	Loading extension 'screenshots@mozilla.org': Reading manifest: Invalid extension permission: resource://pdf.js/
1592785842847	addons.webextension.screenshots@mozilla.org	WARN	Loading extension 'screenshots@mozilla.org': Reading manifest: Invalid extension permission: about:reader*
1592785845025	Marionette	INFO	Listening on port 50049
1592785845085	Marionette	WARN	TLS certificate errors will be ignored for this session
1592785880429	mozrunner::runner	INFO	Running command: "/Applications/Firefox.app/Contents/MacOS/firefox-bin" "-marionette" "-foreground" "-no-remote" "-profile" "/var/folders/lm/4gtyt54x3pj6zg9gk4f99q0w0000gn/T/rust_mozprofileXfT5a7"
1592785881127	addons.webextension.doh-rollout@mozilla.org	WARN	Loading extension 'doh-rollout@mozilla.org': Reading manifest: Invalid extension permission: networkStatus
1592785881467	addons.webextension.screenshots@mozilla.org	WARN	Loading extension 'screenshots@mozilla.org': Reading manifest: Invalid extension permission: mozillaAddons
1592785881467	addons.webextension.screenshots@mozilla.org	WARN	Loading extension 'screenshots@mozilla.org': Reading manifest: Invalid extension permission: telemetry
1592785881468	addons.webextension.screenshots@mozilla.org	WARN	Loading extension 'screenshots@mozilla.org': Reading manifest: Invalid extension permission: resource://pdf.js/
1592785881468	addons.webextension.screenshots@mozilla.org	WARN	Loading extension 'screenshots@mozilla.org': Reading manifest: Invalid extension permission: about:reader*
1592785884486	Marionette	INFO	Listening on port 50158
1592785884516	Marionette	WARN	TLS certificate errors will be ignored for this session
1592786039887	mozrunner::runner	INFO	Running command: "/Applications/Firefox.app/Contents/MacOS/firefox-bin" "-marionette" "-foreground" "-no-remote" "-profile" "/var/folders/lm/4gtyt54x3pj6zg9gk4f99q0w0000gn/T/rust_mozprofile5FuLJH"
1592786040597	addons.webextension.doh-rollout@mozilla.org	WARN	Loading extension 'doh-rollout@mozilla.org': Reading manifest: Invalid extension permission: networkStatus
1592786040895	addons.webextension.screenshots@mozilla.org	WARN	Loading extension 'screenshots@mozilla.org': Reading manifest: Invalid extension permission: mozillaAddons
1592786040895	addons.webextension.screenshots@mozilla.org	WARN	Loading extension 'screenshots@mozilla.org': Reading manifest: Invalid extension permission: telemetry
1592786040895	addons.webextension.screenshots@mozilla.org	WARN	Loading extension 'screenshots@mozilla.org': Reading manifest: Invalid extension permission: resource://pdf.js/
1592786040895	addons.webextension.screenshots@mozilla.org	WARN	Loading extension 'screenshots@mozilla.org': Reading manifest: Invalid extension permission: about:reader*
1592786042995	Marionette	INFO	Listening on port 50323
1592786043109	Marionette	WARN	TLS certificate errors will be ignored for this session
1592786131065	mozrunner::runner	INFO	Running command: "/Applications/Firefox.app/Contents/MacOS/firefox-bin" "-marionette" "-foreground" "-no-remote" "-profile" "/var/folders/lm/4gtyt54x3pj6zg9gk4f99q0w0000gn/T/rust_mozprofile4Wkovq"
1592786131765	addons.webextension.doh-rollout@mozilla.org	WARN	Loading extension 'doh-rollout@mozilla.org': Reading manifest: Invalid extension permission: networkStatus
1592786132047	addons.webextension.screenshots@mozilla.org	WARN	Loading extension 'screenshots@mozilla.org': Reading manifest: Invalid extension permission: mozillaAddons
1592786132048	addons.webextension.screenshots@mozilla.org	WARN	Loading extension 'screenshots@mozilla.org': Reading manifest: Invalid extension permission: telemetry
1592786132048	addons.webextension.screenshots@mozilla.org	WARN	Loading extension 'screenshots@mozilla.org': Reading manifest: Invalid extension permission: resource://pdf.js/
1592786132048	addons.webextension.screenshots@mozilla.org	WARN	Loading extension 'screenshots@mozilla.org': Reading manifest: Invalid extension permission: about:reader*
1592786134352	Marionette	INFO	Listening on port 50445
1592786134376	Marionette	WARN	TLS certificate errors will be ignored for this session
1592786342210	mozrunner::runner	INFO	Running command: "/Applications/Firefox.app/Contents/MacOS/firefox-bin" "-marionette" "-foreground" "-no-remote" "-profile" "/var/folders/lm/4gtyt54x3pj6zg9gk4f99q0w0000gn/T/rust_mozprofile42Ao1i"
1592786343086	addons.webextension.doh-rollout@mozilla.org	WARN	Loading extension 'doh-rollout@mozilla.org': Reading manifest: Invalid extension permission: networkStatus
1592786343422	addons.webextension.screenshots@mozilla.org	WARN	Loading extension 'screenshots@mozilla.org': Reading manifest: Invalid extension permission: mozillaAddons
1592786343422	addons.webextension.screenshots@mozilla.org	WARN	Loading extension 'screenshots@mozilla.org': Reading manifest: Invalid extension permission: telemetry
1592786343422	addons.webextension.screenshots@mozilla.org	WARN	Loading extension 'screenshots@mozilla.org': Reading manifest: Invalid extension permission: resource://pdf.js/
1592786343422	addons.webextension.screenshots@mozilla.org	WARN	Loading extension 'screenshots@mozilla.org': Reading manifest: Invalid extension permission: about:reader*
1592786345408	Marionette	INFO	Listening on port 50635
1592786345446	Marionette	WARN	TLS certificate errors will be ignored for this session
1592786475780	mozrunner::runner	INFO	Running command: "/Applications/Firefox.app/Contents/MacOS/firefox-bin" "-marionette" "-foreground" "-no-remote" "-profile" "/var/folders/lm/4gtyt54x3pj6zg9gk4f99q0w0000gn/T/rust_mozprofile0EChwz"
1592786476345	addons.webextension.doh-rollout@mozilla.org	WARN	Loading extension 'doh-rollout@mozilla.org': Reading manifest: Invalid extension permission: networkStatus
1592786476629	addons.webextension.screenshots@mozilla.org	WARN	Loading extension 'screenshots@mozilla.org': Reading manifest: Invalid extension permission: mozillaAddons
1592786476629	addons.webextension.screenshots@mozilla.org	WARN	Loading extension 'screenshots@mozilla.org': Reading manifest: Invalid extension permission: telemetry
1592786476629	addons.webextension.screenshots@mozilla.org	WARN	Loading extension 'screenshots@mozilla.org': Reading manifest: Invalid extension permission: resource://pdf.js/
1592786476630	addons.webextension.screenshots@mozilla.org	WARN	Loading extension 'screenshots@mozilla.org': Reading manifest: Invalid extension permission: about:reader*
1592786478480	Marionette	INFO	Listening on port 50772
1592786478587	Marionette	WARN	TLS certificate errors will be ignored for this session
1592788167173	Marionette	INFO	Stopped listening on port 50049
1592788169521	Marionette	INFO	Stopped listening on port 50158
1592788172852	Marionette	INFO	Stopped listening on port 50323
1592788175250	Marionette	INFO	Stopped listening on port 50445
1592788177594	Marionette	INFO	Stopped listening on port 50635
1592788179816	Marionette	INFO	Stopped listening on port 50772
